app/build/intermediates/manifest_merge_blame_file/debug/processDebugMainManifest/manifest-merger-blame-debug-report.txt
1<?xml version="1.0" encoding="utf-8"?>
2<manifest xmlns:android="http://schemas.android.com/apk/res/android"
3    package="com.minyook.overnight"
4    android:versionCode="1"
5    android:versionName="1.0" >
6
7    <uses-sdk
8        android:minSdkVersion="28"
9        android:targetSdkVersion="36" />
10
11    <uses-permission android:name="android.permission.INTERNET" />
11-->[com.google.firebase:firebase-auth:23.0.0] AndroidManifest.xml:25:5-67
11-->[com.google.firebase:firebase-auth:23.0.0] AndroidManifest.xml:25:22-64
12    <uses-permission android:name="android.permission.ACCESS_NETWORK_STATE" />
12-->[com.google.firebase:firebase-auth:23.0.0] AndroidManifest.xml:26:5-79
12-->[com.google.firebase:firebase-auth:23.0.0] AndroidManifest.xml:26:22-76
13    <uses-permission android:name="android.permission.WAKE_LOCK" />
13-->[com.google.android.gms:play-services-measurement-api:22.0.2] AndroidManifest.xml:24:5-68
13-->[com.google.android.gms:play-services-measurement-api:22.0.2] AndroidManifest.xml:24:22-65
14    <uses-permission android:name="com.google.android.gms.permission.AD_ID" />
14-->[com.google.android.gms:play-services-measurement-api:22.0.2] AndroidManifest.xml:25:5-79
14-->[com.google.android.gms:play-services-measurement-api:22.0.2] AndroidManifest.xml:25:22-76
15    <uses-permission android:name="android.permission.ACCESS_ADSERVICES_ATTRIBUTION" />
15-->[com.google.android.gms:play-services-measurement-api:22.0.2] AndroidManifest.xml:26:5-88
15-->[com.google.android.gms:play-services-measurement-api:22.0.2] AndroidManifest.xml:26:22-85
16    <uses-permission android:name="android.permission.ACCESS_ADSERVICES_AD_ID" />
16-->[com.google.android.gms:play-services-measurement-api:22.0.2] AndroidManifest.xml:27:5-82
16-->[com.google.android.gms:play-services-measurement-api:22.0.2] AndroidManifest.xml:27:22-79
17    <uses-permission android:name="com.google.android.finsky.permission.BIND_GET_INSTALL_REFERRER_SERVICE" />
17-->[com.google.android.gms:play-services-measurement:22.0.2] AndroidManifest.xml:26:5-110
17-->[com.google.android.gms:play-services-measurement:22.0.2] AndroidManifest.xml:26:22-107
18    <uses-permission android:name="com.google.android.providers.gsf.permission.READ_GSERVICES" />
18-->[com.google.android.recaptcha:recaptcha:18.4.0] AndroidManifest.xml:9:5-98
18-->[com.google.android.recaptcha:recaptcha:18.4.0] AndroidManifest.xml:9:22-95
19
20    <permission
20-->[androidx.core:core:1.17.0] AndroidManifest.xml:22:5-24:47
21        android:name="com.minyook.overnight.DYNAMIC_RECEIVER_NOT_EXPORTED_PERMISSION"
21-->[androidx.core:core:1.17.0] AndroidManifest.xml:23:9-81
22        android:protectionLevel="signature" />
22-->[androidx.core:core:1.17.0] AndroidManifest.xml:24:9-44
23
24    <uses-permission android:name="com.minyook.overnight.DYNAMIC_RECEIVER_NOT_EXPORTED_PERMISSION" />
24-->[androidx.core:core:1.17.0] AndroidManifest.xml:26:5-97
24-->[androidx.core:core:1.17.0] AndroidManifest.xml:26:22-94
25
26    <application
26-->src\main\AndroidManifest.xml:5:5-54:19
27        android:allowBackup="true"
27-->src\main\AndroidManifest.xml:6:9-35
28        android:appComponentFactory="androidx.core.app.CoreComponentFactory"
28-->[androidx.core:core:1.17.0] AndroidManifest.xml:28:18-86
29        android:dataExtractionRules="@xml/data_extraction_rules"
29-->src\main\AndroidManifest.xml:7:9-65
30        android:debuggable="true"
31        android:extractNativeLibs="false"
32        android:fullBackupContent="@xml/backup_rules"
32-->src\main\AndroidManifest.xml:8:9-54
33        android:icon="@mipmap/ic_launcher"
33-->src\main\AndroidManifest.xml:9:9-43
34        android:label="@string/app_name"
34-->src\main\AndroidManifest.xml:10:9-41
35        android:roundIcon="@mipmap/ic_launcher_round"
35-->src\main\AndroidManifest.xml:11:9-54
36        android:supportsRtl="true"
36-->src\main\AndroidManifest.xml:12:9-35
37        android:testOnly="true"
38        android:theme="@style/Theme.Overnight" >
38-->src\main\AndroidManifest.xml:13:9-47
39        <activity
39-->src\main\AndroidManifest.xml:16:9-25:20
40            android:name="com.minyook.overnight.ui.FirstScrean.SplashActivity"
40-->src\main\AndroidManifest.xml:17:13-58
41            android:exported="true"
41-->src\main\AndroidManifest.xml:18:13-36
42            android:theme="@style/Theme.Overnight.NoActionBar" >
42-->src\main\AndroidManifest.xml:19:13-63
43            <intent-filter>
43-->src\main\AndroidManifest.xml:20:13-24:29
44                <action android:name="android.intent.action.MAIN" />
44-->src\main\AndroidManifest.xml:21:17-69
44-->src\main\AndroidManifest.xml:21:25-66
45
46                <category android:name="android.intent.category.LAUNCHER" />
46-->src\main\AndroidManifest.xml:23:17-77
46-->src\main\AndroidManifest.xml:23:27-74
47            </intent-filter>
48        </activity>
49        <activity
49-->src\main\AndroidManifest.xml:26:9-29:65
50            android:name="com.minyook.overnight.ui.FirstScrean.OnboardingActivity"
50-->src\main\AndroidManifest.xml:27:13-62
51            android:exported="false"
51-->src\main\AndroidManifest.xml:28:13-37
52            android:theme="@style/Theme.Overnight.NoActionBar" />
52-->src\main\AndroidManifest.xml:29:13-63
53        <activity
53-->src\main\AndroidManifest.xml:31:9-34:20
54            android:name="com.minyook.overnight.ui.mainscrean.OvernightActivity"
54-->src\main\AndroidManifest.xml:32:13-60
55            android:exported="false" >
55-->src\main\AndroidManifest.xml:33:13-37
56        </activity>
57        <activity
57-->src\main\AndroidManifest.xml:36:9-38:40
58            android:name="com.minyook.overnight.ui.FirstScrean.FindPasswordActivity"
58-->src\main\AndroidManifest.xml:37:13-64
59            android:exported="false" />
59-->src\main\AndroidManifest.xml:38:13-37
60        <activity
60-->src\main\AndroidManifest.xml:40:9-44:58
61            android:name="com.minyook.overnight.ui.FirstScrean.AuthActivity"
61-->src\main\AndroidManifest.xml:41:13-56
62            android:exported="false"
62-->src\main\AndroidManifest.xml:42:13-37
63            android:theme="@style/Theme.Overnight"
63-->src\main\AndroidManifest.xml:43:13-51
64            android:windowSoftInputMode="adjustResize" />
64-->src\main\AndroidManifest.xml:44:13-55
65        <activity
65-->src\main\AndroidManifest.xml:46:9-48:40
66            android:name="com.minyook.overnight.ui.mainscrean.PresentationInfoActivity"
66-->src\main\AndroidManifest.xml:47:13-67
67            android:exported="false" />
67-->src\main\AndroidManifest.xml:48:13-37
68        <activity
68-->src\main\AndroidManifest.xml:50:9-52:40
69            android:name="com.minyook.overnight.ui.file.UploadActivity"
69-->src\main\AndroidManifest.xml:51:13-51
70            android:exported="false" />
70-->src\main\AndroidManifest.xml:52:13-37
71
72        <service
72-->[com.google.firebase:firebase-auth-ktx:23.0.0] AndroidManifest.xml:8:9-14:19
73            android:name="com.google.firebase.components.ComponentDiscoveryService"
73-->[com.google.firebase:firebase-auth-ktx:23.0.0] AndroidManifest.xml:9:13-84
74            android:directBootAware="true"
74-->[com.google.firebase:firebase-common:21.0.0] AndroidManifest.xml:32:13-43
75            android:exported="false" >
75-->[com.google.firebase:firebase-auth-ktx:23.0.0] AndroidManifest.xml:10:13-37
76            <meta-data
76-->[com.google.firebase:firebase-auth-ktx:23.0.0] AndroidManifest.xml:11:13-13:85
77                android:name="com.google.firebase.components:com.google.firebase.auth.ktx.FirebaseAuthLegacyRegistrar"
77-->[com.google.firebase:firebase-auth-ktx:23.0.0] AndroidManifest.xml:12:17-119
78                android:value="com.google.firebase.components.ComponentRegistrar" />
78-->[com.google.firebase:firebase-auth-ktx:23.0.0] AndroidManifest.xml:13:17-82
79            <meta-data
79-->[com.google.firebase:firebase-auth:23.0.0] AndroidManifest.xml:69:13-71:85
80                android:name="com.google.firebase.components:com.google.firebase.auth.FirebaseAuthRegistrar"
80-->[com.google.firebase:firebase-auth:23.0.0] AndroidManifest.xml:70:17-109
81                android:value="com.google.firebase.components.ComponentRegistrar" />
81-->[com.google.firebase:firebase-auth:23.0.0] AndroidManifest.xml:71:17-82
82            <meta-data
82-->[com.google.firebase:firebase-firestore-ktx:25.0.0] AndroidManifest.xml:12:13-14:85
83                android:name="com.google.firebase.components:com.google.firebase.firestore.ktx.FirebaseFirestoreLegacyRegistrar"
83-->[com.google.firebase:firebase-firestore-ktx:25.0.0] AndroidManifest.xml:13:17-129
84                android:value="com.google.firebase.components.ComponentRegistrar" />
84-->[com.google.firebase:firebase-firestore-ktx:25.0.0] AndroidManifest.xml:14:17-82
85            <meta-data
85-->[com.google.firebase:firebase-firestore:25.0.0] AndroidManifest.xml:17:13-19:85
86                android:name="com.google.firebase.components:com.google.firebase.firestore.FirebaseFirestoreKtxRegistrar"
86-->[com.google.firebase:firebase-firestore:25.0.0] AndroidManifest.xml:18:17-122
87                android:value="com.google.firebase.components.ComponentRegistrar" />
87-->[com.google.firebase:firebase-firestore:25.0.0] AndroidManifest.xml:19:17-82
88            <meta-data
88-->[com.google.firebase:firebase-firestore:25.0.0] AndroidManifest.xml:20:13-22:85
89                android:name="com.google.firebase.components:com.google.firebase.firestore.FirestoreRegistrar"
89-->[com.google.firebase:firebase-firestore:25.0.0] AndroidManifest.xml:21:17-111
90                android:value="com.google.firebase.components.ComponentRegistrar" />
90-->[com.google.firebase:firebase-firestore:25.0.0] AndroidManifest.xml:22:17-82
91            <meta-data
91-->[com.google.firebase:firebase-analytics-ktx:22.0.2] AndroidManifest.xml:11:13-13:85
92                android:name="com.google.firebase.components:com.google.firebase.analytics.ktx.FirebaseAnalyticsLegacyRegistrar"
92-->[com.google.firebase:firebase-analytics-ktx:22.0.2] AndroidManifest.xml:12:17-129
93                android:value="com.google.firebase.components.ComponentRegistrar" />
93-->[com.google.firebase:firebase-analytics-ktx:22.0.2] AndroidManifest.xml:13:17-82
94            <meta-data
94-->[com.google.android.gms:play-services-measurement-api:22.0.2] AndroidManifest.xml:37:13-39:85
95                android:name="com.google.firebase.components:com.google.firebase.analytics.connector.internal.AnalyticsConnectorRegistrar"
95-->[com.google.android.gms:play-services-measurement-api:22.0.2] AndroidManifest.xml:38:17-139
96                android:value="com.google.firebase.components.ComponentRegistrar" />
96-->[com.google.android.gms:play-services-measurement-api:22.0.2] AndroidManifest.xml:39:17-82
97            <meta-data
97-->[com.google.firebase:firebase-installations:18.0.0] AndroidManifest.xml:15:13-17:85
98                android:name="com.google.firebase.components:com.google.firebase.installations.FirebaseInstallationsKtxRegistrar"
98-->[com.google.firebase:firebase-installations:18.0.0] AndroidManifest.xml:16:17-130
99                android:value="com.google.firebase.components.ComponentRegistrar" />
99-->[com.google.firebase:firebase-installations:18.0.0] AndroidManifest.xml:17:17-82
100            <meta-data
100-->[com.google.firebase:firebase-installations:18.0.0] AndroidManifest.xml:18:13-20:85
101                android:name="com.google.firebase.components:com.google.firebase.installations.FirebaseInstallationsRegistrar"
101-->[com.google.firebase:firebase-installations:18.0.0] AndroidManifest.xml:19:17-127
102                android:value="com.google.firebase.components.ComponentRegistrar" />
102-->[com.google.firebase:firebase-installations:18.0.0] AndroidManifest.xml:20:17-82
103            <meta-data
103-->[com.google.firebase:firebase-common-ktx:21.0.0] AndroidManifest.xml:12:13-14:85
104                android:name="com.google.firebase.components:com.google.firebase.ktx.FirebaseCommonLegacyRegistrar"
104-->[com.google.firebase:firebase-common-ktx:21.0.0] AndroidManifest.xml:13:17-116
105                android:value="com.google.firebase.components.ComponentRegistrar" />
105-->[com.google.firebase:firebase-common-ktx:21.0.0] AndroidManifest.xml:14:17-82
106            <meta-data
106-->[com.google.firebase:firebase-common:21.0.0] AndroidManifest.xml:35:13-37:85
107                android:name="com.google.firebase.components:com.google.firebase.FirebaseCommonKtxRegistrar"
107-->[com.google.firebase:firebase-common:21.0.0] AndroidManifest.xml:36:17-109
108                android:value="com.google.firebase.components.ComponentRegistrar" />
108-->[com.google.firebase:firebase-common:21.0.0] AndroidManifest.xml:37:17-82
109        </service>
110
111        <activity
111-->[com.google.firebase:firebase-auth:23.0.0] AndroidManifest.xml:29:9-46:20
112            android:name="com.google.firebase.auth.internal.GenericIdpActivity"
112-->[com.google.firebase:firebase-auth:23.0.0] AndroidManifest.xml:30:13-80
113            android:excludeFromRecents="true"
113-->[com.google.firebase:firebase-auth:23.0.0] AndroidManifest.xml:31:13-46
114            android:exported="true"
114-->[com.google.firebase:firebase-auth:23.0.0] AndroidManifest.xml:32:13-36
115            android:launchMode="singleTask"
115-->[com.google.firebase:firebase-auth:23.0.0] AndroidManifest.xml:33:13-44
116            android:theme="@android:style/Theme.Translucent.NoTitleBar" >
116-->[com.google.firebase:firebase-auth:23.0.0] AndroidManifest.xml:34:13-72
117            <intent-filter>
117-->[com.google.firebase:firebase-auth:23.0.0] AndroidManifest.xml:35:13-45:29
118                <action android:name="android.intent.action.VIEW" />
118-->[com.google.firebase:firebase-auth:23.0.0] AndroidManifest.xml:36:17-69
118-->[com.google.firebase:firebase-auth:23.0.0] AndroidManifest.xml:36:25-66
119
120                <category android:name="android.intent.category.DEFAULT" />
120-->[com.google.firebase:firebase-auth:23.0.0] AndroidManifest.xml:38:17-76
120-->[com.google.firebase:firebase-auth:23.0.0] AndroidManifest.xml:38:27-73
121                <category android:name="android.intent.category.BROWSABLE" />
121-->[com.google.firebase:firebase-auth:23.0.0] AndroidManifest.xml:39:17-78
121-->[com.google.firebase:firebase-auth:23.0.0] AndroidManifest.xml:39:27-75
122
123                <data
123-->[com.google.firebase:firebase-auth:23.0.0] AndroidManifest.xml:41:17-44:51
124                    android:host="firebase.auth"
124-->[com.google.firebase:firebase-auth:23.0.0] AndroidManifest.xml:42:21-49
125                    android:path="/"
125-->[com.google.firebase:firebase-auth:23.0.0] AndroidManifest.xml:43:21-37
126                    android:scheme="genericidp" />
126-->[com.google.firebase:firebase-auth:23.0.0] AndroidManifest.xml:44:21-48
127            </intent-filter>
128        </activity>
129        <activity
129-->[com.google.firebase:firebase-auth:23.0.0] AndroidManifest.xml:47:9-64:20
130            android:name="com.google.firebase.auth.internal.RecaptchaActivity"
130-->[com.google.firebase:firebase-auth:23.0.0] AndroidManifest.xml:48:13-79
131            android:excludeFromRecents="true"
131-->[com.google.firebase:firebase-auth:23.0.0] AndroidManifest.xml:49:13-46
132            android:exported="true"
132-->[com.google.firebase:firebase-auth:23.0.0] AndroidManifest.xml:50:13-36
133            android:launchMode="singleTask"
133-->[com.google.firebase:firebase-auth:23.0.0] AndroidManifest.xml:51:13-44
134            android:theme="@android:style/Theme.Translucent.NoTitleBar" >
134-->[com.google.firebase:firebase-auth:23.0.0] AndroidManifest.xml:52:13-72
135            <intent-filter>
135-->[com.google.firebase:firebase-auth:23.0.0] AndroidManifest.xml:53:13-63:29
136                <action android:name="android.intent.action.VIEW" />
136-->[com.google.firebase:firebase-auth:23.0.0] AndroidManifest.xml:36:17-69
136-->[com.google.firebase:firebase-auth:23.0.0] AndroidManifest.xml:36:25-66
137
138                <category android:name="android.intent.category.DEFAULT" />
138-->[com.google.firebase:firebase-auth:23.0.0] AndroidManifest.xml:38:17-76
138-->[com.google.firebase:firebase-auth:23.0.0] AndroidManifest.xml:38:27-73
139                <category android:name="android.intent.category.BROWSABLE" />
139-->[com.google.firebase:firebase-auth:23.0.0] AndroidManifest.xml:39:17-78
139-->[com.google.firebase:firebase-auth:23.0.0] AndroidManifest.xml:39:27-75
140
141                <data
141-->[com.google.firebase:firebase-auth:23.0.0] AndroidManifest.xml:41:17-44:51
142                    android:host="firebase.auth"
142-->[com.google.firebase:firebase-auth:23.0.0] AndroidManifest.xml:42:21-49
143                    android:path="/"
143-->[com.google.firebase:firebase-auth:23.0.0] AndroidManifest.xml:43:21-37
144                    android:scheme="recaptcha" />
144-->[com.google.firebase:firebase-auth:23.0.0] AndroidManifest.xml:44:21-48
145            </intent-filter>
146        </activity>
147
148        <service
148-->[androidx.credentials:credentials-play-services-auth:1.2.0-rc01] AndroidManifest.xml:24:9-32:19
149            android:name="androidx.credentials.playservices.CredentialProviderMetadataHolder"
149-->[androidx.credentials:credentials-play-services-auth:1.2.0-rc01] AndroidManifest.xml:25:13-94
150            android:enabled="true"
150-->[androidx.credentials:credentials-play-services-auth:1.2.0-rc01] AndroidManifest.xml:26:13-35
151            android:exported="false" >
151-->[androidx.credentials:credentials-play-services-auth:1.2.0-rc01] AndroidManifest.xml:27:13-37
152            <meta-data
152-->[androidx.credentials:credentials-play-services-auth:1.2.0-rc01] AndroidManifest.xml:29:13-31:104
153                android:name="androidx.credentials.CREDENTIAL_PROVIDER_KEY"
153-->[androidx.credentials:credentials-play-services-auth:1.2.0-rc01] AndroidManifest.xml:30:17-76
154                android:value="androidx.credentials.playservices.CredentialProviderPlayServicesImpl" />
154-->[androidx.credentials:credentials-play-services-auth:1.2.0-rc01] AndroidManifest.xml:31:17-101
155        </service>
156
157        <activity
157-->[androidx.credentials:credentials-play-services-auth:1.2.0-rc01] AndroidManifest.xml:34:9-41:20
158            android:name="androidx.credentials.playservices.HiddenActivity"
158-->[androidx.credentials:credentials-play-services-auth:1.2.0-rc01] AndroidManifest.xml:35:13-76
159            android:configChanges="orientation|screenSize|screenLayout|keyboardHidden"
159-->[androidx.credentials:credentials-play-services-auth:1.2.0-rc01] AndroidManifest.xml:36:13-87
160            android:enabled="true"
160-->[androidx.credentials:credentials-play-services-auth:1.2.0-rc01] AndroidManifest.xml:37:13-35
161            android:exported="false"
161-->[androidx.credentials:credentials-play-services-auth:1.2.0-rc01] AndroidManifest.xml:38:13-37
162            android:fitsSystemWindows="true"
162-->[androidx.credentials:credentials-play-services-auth:1.2.0-rc01] AndroidManifest.xml:39:13-45
163            android:theme="@style/Theme.Hidden" >
163-->[androidx.credentials:credentials-play-services-auth:1.2.0-rc01] AndroidManifest.xml:40:13-48
164        </activity>
165        <activity
165-->[com.google.android.gms:play-services-auth:21.2.0] AndroidManifest.xml:23:9-27:75
166            android:name="com.google.android.gms.auth.api.signin.internal.SignInHubActivity"
166-->[com.google.android.gms:play-services-auth:21.2.0] AndroidManifest.xml:24:13-93
167            android:excludeFromRecents="true"
167-->[com.google.android.gms:play-services-auth:21.2.0] AndroidManifest.xml:25:13-46
168            android:exported="false"
168-->[com.google.android.gms:play-services-auth:21.2.0] AndroidManifest.xml:26:13-37
169            android:theme="@android:style/Theme.Translucent.NoTitleBar" />
169-->[com.google.android.gms:play-services-auth:21.2.0] AndroidManifest.xml:27:13-72
170        <!--
171            Service handling Google Sign-In user revocation. For apps that do not integrate with
172            Google Sign-In, this service will never be started.
173        -->
174        <service
174-->[com.google.android.gms:play-services-auth:21.2.0] AndroidManifest.xml:33:9-37:51
175            android:name="com.google.android.gms.auth.api.signin.RevocationBoundService"
175-->[com.google.android.gms:play-services-auth:21.2.0] AndroidManifest.xml:34:13-89
176            android:exported="true"
176-->[com.google.android.gms:play-services-auth:21.2.0] AndroidManifest.xml:35:13-36
177            android:permission="com.google.android.gms.auth.api.signin.permission.REVOCATION_NOTIFICATION"
177-->[com.google.android.gms:play-services-auth:21.2.0] AndroidManifest.xml:36:13-107
178            android:visibleToInstantApps="true" />
178-->[com.google.android.gms:play-services-auth:21.2.0] AndroidManifest.xml:37:13-48
179
180        <activity
180-->[com.google.android.gms:play-services-base:18.3.0] AndroidManifest.xml:20:9-22:45
181            android:name="com.google.android.gms.common.api.GoogleApiActivity"
181-->[com.google.android.gms:play-services-base:18.3.0] AndroidManifest.xml:20:19-85
182            android:exported="false"
182-->[com.google.android.gms:play-services-base:18.3.0] AndroidManifest.xml:22:19-43
183            android:theme="@android:style/Theme.Translucent.NoTitleBar" />
183-->[com.google.android.gms:play-services-base:18.3.0] AndroidManifest.xml:21:19-78
184
185        <property
185-->[com.google.android.gms:play-services-measurement-api:22.0.2] AndroidManifest.xml:30:9-32:61
186            android:name="android.adservices.AD_SERVICES_CONFIG"
186-->[com.google.android.gms:play-services-measurement-api:22.0.2] AndroidManifest.xml:31:13-65
187            android:resource="@xml/ga_ad_services_config" />
187-->[com.google.android.gms:play-services-measurement-api:22.0.2] AndroidManifest.xml:32:13-58
188
189        <provider
189-->[com.google.firebase:firebase-common:21.0.0] AndroidManifest.xml:23:9-28:39
190            android:name="com.google.firebase.provider.FirebaseInitProvider"
190-->[com.google.firebase:firebase-common:21.0.0] AndroidManifest.xml:24:13-77
191            android:authorities="com.minyook.overnight.firebaseinitprovider"
191-->[com.google.firebase:firebase-common:21.0.0] AndroidManifest.xml:25:13-72
192            android:directBootAware="true"
192-->[com.google.firebase:firebase-common:21.0.0] AndroidManifest.xml:26:13-43
193            android:exported="false"
193-->[com.google.firebase:firebase-common:21.0.0] AndroidManifest.xml:27:13-37
194            android:initOrder="100" />
194-->[com.google.firebase:firebase-common:21.0.0] AndroidManifest.xml:28:13-36
195
196        <receiver
196-->[com.google.android.gms:play-services-measurement:22.0.2] AndroidManifest.xml:29:9-33:20
197            android:name="com.google.android.gms.measurement.AppMeasurementReceiver"
197-->[com.google.android.gms:play-services-measurement:22.0.2] AndroidManifest.xml:30:13-85
198            android:enabled="true"
198-->[com.google.android.gms:play-services-measurement:22.0.2] AndroidManifest.xml:31:13-35
199            android:exported="false" >
199-->[com.google.android.gms:play-services-measurement:22.0.2] AndroidManifest.xml:32:13-37
200        </receiver>
201
202        <service
202-->[com.google.android.gms:play-services-measurement:22.0.2] AndroidManifest.xml:35:9-38:40
203            android:name="com.google.android.gms.measurement.AppMeasurementService"
203-->[com.google.android.gms:play-services-measurement:22.0.2] AndroidManifest.xml:36:13-84
204            android:enabled="true"
204-->[com.google.android.gms:play-services-measurement:22.0.2] AndroidManifest.xml:37:13-35
205            android:exported="false" />
205-->[com.google.android.gms:play-services-measurement:22.0.2] AndroidManifest.xml:38:13-37
206        <service
206-->[com.google.android.gms:play-services-measurement:22.0.2] AndroidManifest.xml:39:9-43:72
207            android:name="com.google.android.gms.measurement.AppMeasurementJobService"
207-->[com.google.android.gms:play-services-measurement:22.0.2] AndroidManifest.xml:40:13-87
208            android:enabled="true"
208-->[com.google.android.gms:play-services-measurement:22.0.2] AndroidManifest.xml:41:13-35
209            android:exported="false"
209-->[com.google.android.gms:play-services-measurement:22.0.2] AndroidManifest.xml:42:13-37
210            android:permission="android.permission.BIND_JOB_SERVICE" />
210-->[com.google.android.gms:play-services-measurement:22.0.2] AndroidManifest.xml:43:13-69
211
212        <provider
212-->[androidx.emoji2:emoji2:1.3.0] AndroidManifest.xml:24:9-32:20
213            android:name="androidx.startup.InitializationProvider"
213-->[androidx.emoji2:emoji2:1.3.0] AndroidManifest.xml:25:13-67
214            android:authorities="com.minyook.overnight.androidx-startup"
214-->[androidx.emoji2:emoji2:1.3.0] AndroidManifest.xml:26:13-68
215            android:exported="false" >
215-->[androidx.emoji2:emoji2:1.3.0] AndroidManifest.xml:27:13-37
216            <meta-data
216-->[androidx.emoji2:emoji2:1.3.0] AndroidManifest.xml:29:13-31:52
217                android:name="androidx.emoji2.text.EmojiCompatInitializer"
217-->[androidx.emoji2:emoji2:1.3.0] AndroidManifest.xml:30:17-75
218                android:value="androidx.startup" />
218-->[androidx.emoji2:emoji2:1.3.0] AndroidManifest.xml:31:17-49
219            <meta-data
219-->[androidx.lifecycle:lifecycle-process:2.9.0] AndroidManifest.xml:29:13-31:52
220                android:name="androidx.lifecycle.ProcessLifecycleInitializer"
220-->[androidx.lifecycle:lifecycle-process:2.9.0] AndroidManifest.xml:30:17-78
221                android:value="androidx.startup" />
221-->[androidx.lifecycle:lifecycle-process:2.9.0] AndroidManifest.xml:31:17-49
222            <meta-data
222-->[androidx.profileinstaller:profileinstaller:1.4.0] AndroidManifest.xml:29:13-31:52
223                android:name="androidx.profileinstaller.ProfileInstallerInitializer"
223-->[androidx.profileinstaller:profileinstaller:1.4.0] AndroidManifest.xml:30:17-85
224                android:value="androidx.startup" />
224-->[androidx.profileinstaller:profileinstaller:1.4.0] AndroidManifest.xml:31:17-49
225        </provider>
226
227        <uses-library
227-->[androidx.window:window:1.0.0] AndroidManifest.xml:25:9-27:40
228            android:name="androidx.window.extensions"
228-->[androidx.window:window:1.0.0] AndroidManifest.xml:26:13-54
229            android:required="false" />
229-->[androidx.window:window:1.0.0] AndroidManifest.xml:27:13-37
230        <uses-library
230-->[androidx.window:window:1.0.0] AndroidManifest.xml:28:9-30:40
231            android:name="androidx.window.sidecar"
231-->[androidx.window:window:1.0.0] AndroidManifest.xml:29:13-51
232            android:required="false" />
232-->[androidx.window:window:1.0.0] AndroidManifest.xml:30:13-37
233        <uses-library
233-->[androidx.privacysandbox.ads:ads-adservices:1.0.0-beta05] AndroidManifest.xml:23:9-25:40
234            android:name="android.ext.adservices"
234-->[androidx.privacysandbox.ads:ads-adservices:1.0.0-beta05] AndroidManifest.xml:24:13-50
235            android:required="false" />
235-->[androidx.privacysandbox.ads:ads-adservices:1.0.0-beta05] AndroidManifest.xml:25:13-37
236
237        <meta-data
237-->[com.google.android.gms:play-services-basement:18.4.0] AndroidManifest.xml:6:9-122
238            android:name="com.google.android.gms.version"
238-->[com.google.android.gms:play-services-basement:18.4.0] AndroidManifest.xml:6:20-65
239            android:value="@integer/google_play_services_version" />
239-->[com.google.android.gms:play-services-basement:18.4.0] AndroidManifest.xml:6:66-119
240
241        <receiver
241-->[androidx.profileinstaller:profileinstaller:1.4.0] AndroidManifest.xml:34:9-52:20
242            android:name="androidx.profileinstaller.ProfileInstallReceiver"
242-->[androidx.profileinstaller:profileinstaller:1.4.0] AndroidManifest.xml:35:13-76
243            android:directBootAware="false"
243-->[androidx.profileinstaller:profileinstaller:1.4.0] AndroidManifest.xml:36:13-44
244            android:enabled="true"
244-->[androidx.profileinstaller:profileinstaller:1.4.0] AndroidManifest.xml:37:13-35
245            android:exported="true"
245-->[androidx.profileinstaller:profileinstaller:1.4.0] AndroidManifest.xml:38:13-36
246            android:permission="android.permission.DUMP" >
246-->[androidx.profileinstaller:profileinstaller:1.4.0] AndroidManifest.xml:39:13-57
247            <intent-filter>
247-->[androidx.profileinstaller:profileinstaller:1.4.0] AndroidManifest.xml:40:13-42:29
248                <action android:name="androidx.profileinstaller.action.INSTALL_PROFILE" />
248-->[androidx.profileinstaller:profileinstaller:1.4.0] AndroidManifest.xml:41:17-91
248-->[androidx.profileinstaller:profileinstaller:1.4.0] AndroidManifest.xml:41:25-88
249            </intent-filter>
250            <intent-filter>
250-->[androidx.profileinstaller:profileinstaller:1.4.0] AndroidManifest.xml:43:13-45:29
251                <action android:name="androidx.profileinstaller.action.SKIP_FILE" />
251-->[androidx.profileinstaller:profileinstaller:1.4.0] AndroidManifest.xml:44:17-85
251-->[androidx.profileinstaller:profileinstaller:1.4.0] AndroidManifest.xml:44:25-82
252            </intent-filter>
253            <intent-filter>
253-->[androidx.profileinstaller:profileinstaller:1.4.0] AndroidManifest.xml:46:13-48:29
254                <action android:name="androidx.profileinstaller.action.SAVE_PROFILE" />
254-->[androidx.profileinstaller:profileinstaller:1.4.0] AndroidManifest.xml:47:17-88
254-->[androidx.profileinstaller:profileinstaller:1.4.0] AndroidManifest.xml:47:25-85
255            </intent-filter>
256            <intent-filter>